mode: set
github.com/nuclio/nuclio/pkg/nexus/common/env/nexus-env-regisitry.go:23.36,25.2 1 0
github.com/nuclio/nuclio/pkg/nexus/common/env/nexus-env-regisitry.go:28.37,30.26 2 0
github.com/nuclio/nuclio/pkg/nexus/common/env/nexus-env-regisitry.go:30.26,33.3 2 0
github.com/nuclio/nuclio/pkg/nexus/common/env/nexus-env-regisitry.go:34.2,37.29 3 0
github.com/nuclio/nuclio/pkg/nexus/common/env/nexus-env-regisitry.go:37.29,40.3 2 0
github.com/nuclio/nuclio/pkg/nexus/common/env/nexus-env-regisitry.go:41.2,43.54 2 0
github.com/nuclio/nuclio/pkg/nexus/common/load-balancer/load-balancer.go:28.172,37.2 1 1
github.com/nuclio/nuclio/pkg/nexus/common/load-balancer/load-balancer.go:44.108,46.2 1 0
github.com/nuclio/nuclio/pkg/nexus/common/load-balancer/load-balancer.go:49.39,50.2 0 0
github.com/nuclio/nuclio/pkg/nexus/common/load-balancer/load-balancer.go:53.33,56.21 2 0
github.com/nuclio/nuclio/pkg/nexus/common/load-balancer/load-balancer.go:56.21,60.3 2 0
github.com/nuclio/nuclio/pkg/nexus/common/load-balancer/load-balancer.go:64.32,66.2 1 0
github.com/nuclio/nuclio/pkg/nexus/common/load-balancer/load-balancer.go:69.65,71.2 1 1
github.com/nuclio/nuclio/pkg/nexus/common/load-balancer/load-balancer.go:74.71,76.2 1 1
github.com/nuclio/nuclio/pkg/nexus/common/load-balancer/load-balancer.go:83.100,85.16 2 1
github.com/nuclio/nuclio/pkg/nexus/common/load-balancer/load-balancer.go:85.16,87.3 1 0
github.com/nuclio/nuclio/pkg/nexus/common/load-balancer/load-balancer.go:87.8,87.44 1 1
github.com/nuclio/nuclio/pkg/nexus/common/load-balancer/load-balancer.go:87.44,89.3 1 0
github.com/nuclio/nuclio/pkg/nexus/common/load-balancer/load-balancer.go:91.2,92.51 2 1
github.com/nuclio/nuclio/pkg/nexus/common/load-balancer/load-balancer.go:92.51,94.3 1 1
github.com/nuclio/nuclio/pkg/nexus/common/load-balancer/load-balancer.go:95.2,98.65 3 1
github.com/nuclio/nuclio/pkg/nexus/common/load-balancer/load-balancer.go:102.103,104.16 2 1
github.com/nuclio/nuclio/pkg/nexus/common/load-balancer/load-balancer.go:104.16,106.3 1 0
github.com/nuclio/nuclio/pkg/nexus/common/load-balancer/load-balancer.go:108.2,109.71 2 1
github.com/nuclio/nuclio/pkg/nexus/common/load-balancer/load-balancer.go:115.39,120.6 4 1
github.com/nuclio/nuclio/pkg/nexus/common/load-balancer/load-balancer.go:120.6,121.10 1 1
github.com/nuclio/nuclio/pkg/nexus/common/load-balancer/load-balancer.go:122.62,123.11 1 1
github.com/nuclio/nuclio/pkg/nexus/common/load-balancer/load-balancer.go:123.11,127.5 1 0
github.com/nuclio/nuclio/pkg/nexus/common/load-balancer/load-balancer.go:128.4,129.35 2 1
github.com/nuclio/nuclio/pkg/nexus/common/load-balancer/load-balancer.go:131.11,136.42 3 1
github.com/nuclio/nuclio/pkg/nexus/common/load-balancer/load-balancer.go:136.42,138.5 1 1
github.com/nuclio/nuclio/pkg/nexus/common/load-balancer/load-balancer.go:140.4,142.11 2 1
github.com/nuclio/nuclio/pkg/nexus/common/load-balancer/load-balancer.go:143.59,144.11 1 0
github.com/nuclio/nuclio/pkg/nexus/common/load-balancer/load-balancer.go:145.31,146.96 1 0
github.com/nuclio/nuclio/pkg/nexus/common/load-balancer/load-balancer.go:147.34,148.93 1 1
github.com/nuclio/nuclio/pkg/nexus/common/load-balancer/load-balancer.go:149.12,152.68 3 1
github.com/nuclio/nuclio/pkg/nexus/common/load-balancer/load-balancer.go:154.4,156.10 3 1
github.com/nuclio/nuclio/pkg/nexus/common/queue/nexus-queue-base.go:15.32,15.51 1 1
github.com/nuclio/nuclio/pkg/nexus/common/queue/nexus-queue-base.go:18.37,22.2 3 1
github.com/nuclio/nuclio/pkg/nexus/common/queue/nexus-queue-base.go:25.35,30.2 4 1
github.com/nuclio/nuclio/pkg/nexus/common/queue/nexus-queue-base.go:33.33,41.2 7 1
github.com/nuclio/nuclio/pkg/nexus/common/queue/nexus-queue-base.go:44.42,46.2 1 1
github.com/nuclio/nuclio/pkg/nexus/common/queue/nexus-queue-base.go:58.31,65.2 4 1
github.com/nuclio/nuclio/pkg/nexus/common/queue/nexus-queue-base.go:68.76,69.34 1 0
github.com/nuclio/nuclio/pkg/nexus/common/queue/nexus-queue-base.go:69.34,71.3 1 0
github.com/nuclio/nuclio/pkg/nexus/common/queue/nexus-queue-base.go:75.99,78.31 2 0
github.com/nuclio/nuclio/pkg/nexus/common/queue/nexus-queue-base.go:78.31,79.37 1 0
github.com/nuclio/nuclio/pkg/nexus/common/queue/nexus-queue-base.go:79.37,81.4 1 0
github.com/nuclio/nuclio/pkg/nexus/common/queue/nexus-queue-base.go:81.9,82.9 1 0
github.com/nuclio/nuclio/pkg/nexus/common/queue/nexus-queue-base.go:86.2,86.14 1 0
github.com/nuclio/nuclio/pkg/nexus/common/queue/nexus-queue.go:11.32,16.2 3 1
github.com/nuclio/nuclio/pkg/nexus/common/queue/nexus-queue.go:19.50,24.2 3 1
github.com/nuclio/nuclio/pkg/nexus/common/queue/nexus-queue.go:27.72,33.2 4 1
github.com/nuclio/nuclio/pkg/nexus/common/queue/nexus-queue.go:36.47,42.2 4 1
github.com/nuclio/nuclio/pkg/nexus/common/queue/nexus-queue.go:45.84,54.2 5 0
github.com/nuclio/nuclio/pkg/nexus/common/queue/nexus-queue.go:57.48,62.2 3 1
github.com/nuclio/nuclio/pkg/nexus/common/queue/nexus-queue.go:65.54,70.2 3 1
github.com/nuclio/nuclio/pkg/nexus/common/queue/nexus-queue.go:73.65,78.2 3 0
github.com/nuclio/nuclio/pkg/nexus/common/queue/nexus-queue.go:81.69,87.31 4 0
github.com/nuclio/nuclio/pkg/nexus/common/queue/nexus-queue.go:87.31,89.3 1 0
github.com/nuclio/nuclio/pkg/nexus/common/queue/nexus-queue.go:91.2,94.31 3 0
github.com/nuclio/nuclio/pkg/nexus/common/queue/nexus-queue.go:94.31,95.64 1 0
github.com/nuclio/nuclio/pkg/nexus/common/queue/nexus-queue.go:95.64,98.4 2 0
github.com/nuclio/nuclio/pkg/nexus/common/queue/nexus-queue.go:100.2,100.22 1 0
github.com/nuclio/nuclio/pkg/nexus/common/utils/helper-functions.go:18.41,20.2 1 1
github.com/nuclio/nuclio/pkg/nexus/common/utils/helper-functions.go:24.97,25.64 1 1
github.com/nuclio/nuclio/pkg/nexus/common/utils/helper-functions.go:25.64,27.3 1 1
github.com/nuclio/nuclio/pkg/nexus/common/utils/helper-functions.go:29.2,37.8 7 1
